#
# There is insufficient memory for the Java Runtime Environment to continue.
# Native memory allocation (mmap) failed to map 268435456 bytes for G1 virtual space
# Possible reasons:
#   The system is out of physical RAM or swap space
#   The process is running with CompressedOops enabled, and the Java Heap may be blocking the growth of the native heap
# Possible solutions:
#   Reduce memory load on the system
#   Increase physical memory or swap space
#   Check if swap backing store is full
#   Decrease Java heap size (-Xmx/-Xms)
#   Decrease number of Java threads
#   Decrease Java thread stack sizes (-Xss)
#   Set larger code cache with -XX:ReservedCodeCacheSize=
#   JVM is running with Zero Based Compressed Oops mode in which the Java heap is
#     placed in the first 32GB address space. The Java Heap base address is the
#     maximum limit for the native heap growth. Please use -XX:HeapBaseMinAddress
#     to set the Java Heap base and to place the Java Heap above 32GB virtual address.
# This output file may be truncated or incomplete.
#
#  Out of Memory Error (os_windows.cpp:3769), pid=20572, tid=21472
#
# JRE version:  (17.0.6) (build )
# Java VM: OpenJDK 64-Bit Server VM (17.0.6+0-b2043.56-10027231, mixed mode, sharing, tiered, compressed oops, compressed class ptrs, g1 gc, windows-amd64)
# No core dump will be written. Minidumps are not enabled by default on client versions of Windows
#

---------------  S U M M A R Y ------------

Command Line: git4idea.http.GitAskPassApp Username for 'https://github.com': 

Host: Intel(R) Core(TM) i5-9400F CPU @ 2.90GHz, 6 cores, 15G,  Windows 11 , 64 bit Build 22000 (10.0.22000.2538)
Time: Fri Oct 27 00:19:38 2023 W. Central Africa Standard Time elapsed time: 0.007665 seconds (0d 0h 0m 0s)

---------------  T H R E A D  ---------------

Current thread (0x00000193b68ed0b0):  JavaThread "Unknown thread" [_thread_in_vm, id=21472, stack(0x0000000bf5500000,0x0000000bf5600000)]

Stack: [0x0000000bf5500000,0x0000000bf5600000]
Native frames: (J=compiled Java code, j=interpreted, Vv=VM code, C=native code)
V  [jvm.dll+0x683c9a]
V  [jvm.dll+0x8427a4]
V  [jvm.dll+0x843f9e]
V  [jvm.dll+0x844603]
V  [jvm.dll+0x249b75]
V  [jvm.dll+0x680b69]
V  [jvm.dll+0x67505a]
V  [jvm.dll+0x309acb]
V  [jvm.dll+0x310f86]
V  [jvm.dll+0x3608ee]
V  [jvm.dll+0x360b1f]
V  [jvm.dll+0x2dfbf8]
V  [jvm.dll+0x2e0b64]
V  [jvm.dll+0x814091]
V  [jvm.dll+0x36e6a1]
V  [jvm.dll+0x7f35cc]
V  [jvm.dll+0x3f0e8f]
V  [jvm.dll+0x3f29d1]
C  [jli.dll+0x526b]
C  [ucrtbase.dll+0x26c0c]
C  [KERNEL32.DLL+0x153e0]
C  [ntdll.dll+0x485b]


---------------  P R O C E S S  ---------------

Threads class SMR info:
_java_thread_list=0x00007ffcbccbc058, length=0, elements={
}

Java Threads: ( => current thread )

Other Threads:
  0x00000193b6958dc0 GCTaskThread "GC Thread#0" [stack: 0x0000000bf5600000,0x0000000bf5700000] [id=8804]
  0x00000193b6969c10 ConcurrentGCThread "G1 Main Marker" [stack: 0x0000000bf5700000,0x0000000bf5800000] [id=15516]
  0x00000193b696b630 ConcurrentGCThread "G1 Conc#0" [stack: 0x0000000bf5800000,0x0000000bf5900000] [id=21228]

[error occurred during error reporting (printing all threads), id 0xc0000005, EXCEPTION_ACCESS_VIOLATION (0xc0000005) at pc=0x00007ffcbc470797]

VM state: not at safepoint (not fully initialized)

VM Mutex/Monitor currently owned by a thread:  ([mutex/lock_event])
[0x00000193b68e8880] Heap_lock - owner thread: 0x00000193b68ed0b0

Heap address: 0x0000000700e00000, size: 4082 MB, Compressed Oops mode: Zero based, Oop shift amount: 3

CDS archive(s) mapped at: [0x0000000000000000-0x0000000000000000-0x0000000000000000), size 0, SharedBaseAddress: 0x0000000800000000, ArchiveRelocationMode: 0.
Narrow klass base: 0x0000000000000000, Narrow klass shift: 0, Narrow klass range: 0x0

GC Precious Log:
<Empty>

Heap:
 garbage-first heap   total 0K, used 0K [0x0000000700e00000, 0x0000000800000000)
  region size 2048K, 0 young (0K), 0 survivors (0K)

[error occurred during error reporting (printing heap information), id 0xc0000005, EXCEPTION_ACCESS_VIOLATION (0xc0000005) at pc=0x00007ffcbc85da89]

GC Heap History (0 events):
No events

Dll operation events (1 events):
Event: 0.005 Loaded shared library C:\Program Files\Android\Android Studio\jbr\bin\java.dll

Deoptimization events (0 events):
No events

Classes unloaded (0 events):
No events

Classes redefined (0 events):
No events

Internal exceptions (0 events):
No events

VM Operations (0 events):
No events

Events (0 events):
No events


Dynamic libraries:
0x00007ff7b8a90000 - 0x00007ff7b8a9a000 	C:\Program Files\Android\Android Studio\jbr\bin\java.exe
0x00007ffd2c5a0000 - 0x00007ffd2c7a9000 	C:\WINDOWS\SYSTEM32\ntdll.dll
0x00007ffd2acf0000 - 0x00007ffd2adad000 	C:\WINDOWS\System32\KERNEL32.DLL
0x00007ffd29ef0000 - 0x00007ffd2a274000 	C:\WINDOWS\System32\KERNELBASE.dll
0x00007ffd29d00000 - 0x00007ffd29e11000 	C:\WINDOWS\System32\ucrtbase.dll
0x00007ffd18a50000 - 0x00007ffd18a6b000 	C:\Program Files\Android\Android Studio\jbr\bin\VCRUNTIME140.dll
0x00007ffd18bd0000 - 0x00007ffd18be7000 	C:\Program Files\Android\Android Studio\jbr\bin\jli.dll
0x00007ffd2b180000 - 0x00007ffd2b32d000 	C:\WINDOWS\System32\USER32.dll
0x00007ffd29e20000 - 0x00007ffd29e46000 	C:\WINDOWS\System32\win32u.dll
0x00007ffd2afe0000 - 0x00007ffd2b00a000 	C:\WINDOWS\System32\GDI32.dll
0x00007ffd1e600000 - 0x00007ffd1e8a5000 	C:\WINDOWS\WinSxS\amd64_microsoft.windows.common-controls_6595b64144ccf1df_6.0.22000.120_none_9d947278b86cc467\COMCTL32.dll
0x00007ffd29be0000 - 0x00007ffd29cfe000 	C:\WINDOWS\System32\gdi32full.dll
0x00007ffd29e50000 - 0x00007ffd29eed000 	C:\WINDOWS\System32\msvcp_win.dll
0x00007ffd2b450000 - 0x00007ffd2b4f3000 	C:\WINDOWS\System32\msvcrt.dll
0x00007ffd2b600000 - 0x00007ffd2b631000 	C:\WINDOWS\System32\IMM32.DLL
0x00007ffd1c9e0000 - 0x00007ffd1c9ec000 	C:\Program Files\Android\Android Studio\jbr\bin\vcruntime140_1.dll
0x00007ffd02160000 - 0x00007ffd021ed000 	C:\Program Files\Android\Android Studio\jbr\bin\msvcp140.dll
0x00007ffcbc180000 - 0x00007ffcbcdee000 	C:\Program Files\Android\Android Studio\jbr\bin\server\jvm.dll
0x00007ffd2ae20000 - 0x00007ffd2aece000 	C:\WINDOWS\System32\ADVAPI32.dll
0x00007ffd2a640000 - 0x00007ffd2a6de000 	C:\WINDOWS\System32\sechost.dll
0x00007ffd2bf30000 - 0x00007ffd2c051000 	C:\WINDOWS\System32\RPCRT4.dll
0x00007ffd23d30000 - 0x00007ffd23d63000 	C:\WINDOWS\SYSTEM32\WINMM.dll
0x00007ffd26950000 - 0x00007ffd26959000 	C:\WINDOWS\SYSTEM32\WSOCK32.dll
0x00007ffd22b70000 - 0x00007ffd22b7a000 	C:\WINDOWS\SYSTEM32\VERSION.dll
0x00007ffd2b510000 - 0x00007ffd2b57f000 	C:\WINDOWS\System32\WS2_32.dll
0x00007ffd28b90000 - 0x00007ffd28ba8000 	C:\WINDOWS\SYSTEM32\kernel.appcore.dll
0x00007ffd25600000 - 0x00007ffd2560a000 	C:\Program Files\Android\Android Studio\jbr\bin\jimage.dll
0x00007ffd27400000 - 0x00007ffd27621000 	C:\WINDOWS\SYSTEM32\DBGHELP.DLL
0x00007ffd1a810000 - 0x00007ffd1a841000 	C:\WINDOWS\SYSTEM32\dbgcore.DLL
0x00007ffd29a30000 - 0x00007ffd29aaf000 	C:\WINDOWS\System32\bcryptPrimitives.dll
0x00007ffd18d40000 - 0x00007ffd18d65000 	C:\Program Files\Android\Android Studio\jbr\bin\java.dll

dbghelp: loaded successfully - version: 4.0.5 - missing functions: none
symbol engine: initialized successfully - sym options: 0x614 - pdb path: .;C:\Program Files\Android\Android Studio\jbr\bin;C:\WINDOWS\SYSTEM32;C:\WINDOWS\WinSxS\amd64_microsoft.windows.common-controls_6595b64144ccf1df_6.0.22000.120_none_9d947278b86cc467;C:\Program Files\Android\Android Studio\jbr\bin\server

VM Arguments:
java_command: git4idea.http.GitAskPassApp Username for 'https://github.com': 
java_class_path (initial): C:/Program Files/Android/Android Studio/plugins/vcs-git/lib/git4idea-rt.jar;C:/Program Files/Android/Android Studio/lib/externalProcess-rt.jar;C:/Program Files/Android/Android Studio/lib/app.jar;C:/Program Files/Android/Android Studio/lib/3rd-party-rt.jar
Launcher Type: SUN_STANDARD

[Global flags]
     intx CICompilerCount                          = 3                                         {product} {ergonomic}
     uint ConcGCThreads                            = 2                                         {product} {ergonomic}
     uint G1ConcRefinementThreads                  = 6                                         {product} {ergonomic}
   size_t G1HeapRegionSize                         = 2097152                                   {product} {ergonomic}
    uintx GCDrainStackTargetSize                   = 64                                        {product} {ergonomic}
   size_t InitialHeapSize                          = 268435456                                 {product} {ergonomic}
   size_t MarkStackSize                            = 4194304                                   {product} {ergonomic}
   size_t MaxHeapSize                              = 4280287232                                {product} {ergonomic}
   size_t MinHeapDeltaBytes                        = 2097152                                   {product} {ergonomic}
   size_t MinHeapSize                              = 8388608                                   {product} {ergonomic}
    uintx NonNMethodCodeHeapSize                   = 5832780                                {pd product} {ergonomic}
    uintx NonProfiledCodeHeapSize                  = 122912730                              {pd product} {ergonomic}
    uintx ProfiledCodeHeapSize                     = 122912730                              {pd product} {ergonomic}
    uintx ReservedCodeCacheSize                    = 251658240                              {pd product} {ergonomic}
     bool SegmentedCodeCache                       = true                                      {product} {ergonomic}
   size_t SoftMaxHeapSize                          = 4280287232                             {manageable} {ergonomic}
     bool UseCompressedClassPointers               = true                           {product lp64_product} {ergonomic}
     bool UseCompressedOops                        = true                           {product lp64_product} {ergonomic}
     bool UseG1GC                                  = true                                      {product} {ergonomic}
     bool UseLargePagesIndividualAllocation        = false                                  {pd product} {ergonomic}

Logging:
Log output configuration:
 #0: stdout all=warning uptime,level,tags
 #1: stderr all=off uptime,level,tags

Environment Variables:
PATH=C:/Program Files/Git/mingw64/libexec/git-core;C:/Program Files/Git/mingw64/libexec/git-core;C:\Program Files\Git\mingw64\bin;C:\Program Files\Git\usr\bin;C:\Users\spirit\bin;C:\Program Files\Common Files\Oracle\Java\javapath;C:\Windows\system32;C:\Windows;C:\Windows\System32\Wbem;C:\Windows\System32\WindowsPowerShell\v1.0\;C:\Windows\System32\OpenSSH\;C:\Program Files\NVIDIA Corporation\NVIDIA NvDLISR;C:\WINDOWS\system32;C:\WINDOWS;C:\WINDOWS\System32\Wbem;C:\WINDOWS\System32\WindowsPowerShell\v1.0\;C:\WINDOWS\System32\OpenSSH\;C:\Program Files (x86)\NVIDIA Corporation\PhysX\Common;C:\WINDOWS\system32;C:\WINDOWS;C:\WINDOWS\System32\Wbem;C:\WINDOWS\System32\WindowsPowerShell\v1.0\;C:\WINDOWS\System32\OpenSSH\;C:\Program Files\dotnet\;C:\Program Files (x86)\dotnet\;C:\Program Files\Java\jdk-19\bin;C:\Program Files\nodejs\;C:\Program Files\Git\cmd;C:\flutter\bin;C:\Users\spirit\AppData\Local\Microsoft\WindowsApps;C:\Users\spirit\AppData\Local\Microsoft\WindowsApps;C:\Users\spirit\AppData\Local\Programs\Microsoft VS Code\bin;C:\Users\spirit\.dotnet\tools;C:\Users\spirit\AppData\Roaming\npm
USERNAME=spirit
DISPLAY=:0.0
LC_ALL=en_US.UTF-8
TERM=xterm-256color
TMPDIR=C:\Users\spirit\AppData\Local\Temp
OS=Windows_NT
PROCESSOR_IDENTIFIER=Intel64 Family 6 Model 158 Stepping 10, GenuineIntel
TMP=C:\Users\spirit\AppData\Local\Temp
TEMP=C:\Users\spirit\AppData\Local\Temp


JNI global refs:

[error occurred during error reporting (JNI global references), id 0xc0000005, EXCEPTION_ACCESS_VIOLATION (0xc0000005) at pc=0x00007ffcbc237a10]


---------------  S Y S T E M  ---------------

OS:
 Windows 11 , 64 bit Build 22000 (10.0.22000.2538)
OS uptime: 0 days 5:57 hours

CPU: total 6 (initial active 6) (6 cores per cpu, 1 threads per core) family 6 model 158 stepping 10 microcode 0xde, cx8, cmov, fxsr, mmx, 3dnowpref, sse, sse2, sse3, ssse3, sse4.1, sse4.2, popcnt, lzcnt, tsc, tscinvbit, avx, avx2, aes, erms, clmul, bmi1, bmi2, adx, fma, vzeroupper, clflush, clflushopt

Memory: 4k page, system-wide physical 16326M (1521M free)
TotalPageFile size 21294M (AvailPageFile size 117M)
current process WorkingSet (physical memory assigned to process): 10M, peak: 10M
current process commit charge ("private bytes"): 56M, peak: 312M

vm_info: OpenJDK 64-Bit Server VM (17.0.6+0-b2043.56-10027231) for windows-amd64 JRE (17.0.6+0-b2043.56-10027231), built on Apr 28 2023 00:43:19 by "androidbuild" with MS VC++ 16.10 / 16.11 (VS2019)

END.
