#
# There is insufficient memory for the Java Runtime Environment to continue.
# Native memory allocation (malloc) failed to allocate 1076496 bytes for Chunk::new
# Possible reasons:
#   The system is out of physical RAM or swap space
#   The process is running with CompressedOops enabled, and the Java Heap may be blocking the growth of the native heap
# Possible solutions:
#   Reduce memory load on the system
#   Increase physical memory or swap space
#   Check if swap backing store is full
#   Decrease Java heap size (-Xmx/-Xms)
#   Decrease number of Java threads
#   Decrease Java thread stack sizes (-Xss)
#   Set larger code cache with -XX:ReservedCodeCacheSize=
#   JVM is running with Zero Based Compressed Oops mode in which the Java heap is
#     placed in the first 32GB address space. The Java Heap base address is the
#     maximum limit for the native heap growth. Please use -XX:HeapBaseMinAddress
#     to set the Java Heap base and to place the Java Heap above 32GB virtual address.
# This output file may be truncated or incomplete.
#
#  Out of Memory Error (arena.cpp:189), pid=14548, tid=16400
#
# JRE version: OpenJDK Runtime Environment (17.0.6) (build 17.0.6+0-b2043.56-10027231)
# Java VM: OpenJDK 64-Bit Server VM (17.0.6+0-b2043.56-10027231, mixed mode, tiered, compressed oops, compressed class ptrs, g1 gc, windows-amd64)
# No core dump will be written. Minidumps are not enabled by default on client versions of Windows
#

---------------  S U M M A R Y ------------

Command Line: org.jetbrains.kotlin.cli.jvm.K2JVMCompiler @C:\Users\spirit\AndroidStudioProjects\LOCATO\Front-Android\LOCATO\app\build\20231029_15124800712774450045.compiler.options

Host: Intel(R) Core(TM) i5-9400F CPU @ 2.90GHz, 6 cores, 15G,  Windows 11 , 64 bit Build 22000 (10.0.22000.2538)
Time: Sun Oct 29 21:15:23 2023 W. Central Africa Standard Time elapsed time: 6.767814 seconds (0d 0h 0m 6s)

---------------  T H R E A D  ---------------

Current thread (0x000002326c480380):  JavaThread "C2 CompilerThread0" daemon [_thread_in_native, id=16400, stack(0x000000a946000000,0x000000a946100000)]


Current CompileTask:
C2:   6767 9921       4       org.jetbrains.kotlin.ir.util.IrFakeOverrideUtilsKt::collectAndFilterRealOverrides$collectRealOverrides (157 bytes)

Stack: [0x000000a946000000,0x000000a946100000]
Native frames: (J=compiled Java code, j=interpreted, Vv=VM code, C=native code)
V  [jvm.dll+0x683c9a]
V  [jvm.dll+0x8427a4]
V  [jvm.dll+0x843f9e]
V  [jvm.dll+0x844603]
V  [jvm.dll+0x249b75]
V  [jvm.dll+0xabcac]
V  [jvm.dll+0xac27c]
V  [jvm.dll+0x368802]
V  [jvm.dll+0x1bced2]
V  [jvm.dll+0x21c359]
V  [jvm.dll+0x21b621]
V  [jvm.dll+0x1a4fdd]
V  [jvm.dll+0x22b098]
V  [jvm.dll+0x229159]
V  [jvm.dll+0x7f81ec]
V  [jvm.dll+0x7f274a]
V  [jvm.dll+0x682ad5]
C  [ucrtbase.dll+0x26c0c]
C  [KERNEL32.DLL+0x153e0]
C  [ntdll.dll+0x485b]


---------------  P R O C E S S  ---------------

Threads class SMR info:
_java_thread_list=0x000002326cfb0000, length=13, elements={
0x000002324d27d480, 0x000002326c4186e0, 0x000002326c419550, 0x000002326c47cba0,
0x000002326c47e470, 0x000002326c47ed30, 0x000002326c47f5f0, 0x000002326c480380,
0x000002326c481e30, 0x000002326c483740, 0x000002326c5f8000, 0x000002326c5f6060,
0x00000232702ee280
}

Java Threads: ( => current thread )
  0x000002324d27d480 JavaThread "main" [_thread_in_Java, id=13532, stack(0x000000a945300000,0x000000a945400000)]
  0x000002326c4186e0 JavaThread "Reference Handler" daemon [_thread_blocked, id=16624, stack(0x000000a945a00000,0x000000a945b00000)]
  0x000002326c419550 JavaThread "Finalizer" daemon [_thread_blocked, id=8660, stack(0x000000a945b00000,0x000000a945c00000)]
  0x000002326c47cba0 JavaThread "Signal Dispatcher" daemon [_thread_blocked, id=15448, stack(0x000000a945c00000,0x000000a945d00000)]
  0x000002326c47e470 JavaThread "Attach Listener" daemon [_thread_blocked, id=7300, stack(0x000000a945d00000,0x000000a945e00000)]
  0x000002326c47ed30 JavaThread "Service Thread" daemon [_thread_blocked, id=13084, stack(0x000000a945e00000,0x000000a945f00000)]
  0x000002326c47f5f0 JavaThread "Monitor Deflation Thread" daemon [_thread_blocked, id=10496, stack(0x000000a945f00000,0x000000a946000000)]
=>0x000002326c480380 JavaThread "C2 CompilerThread0" daemon [_thread_in_native, id=16400, stack(0x000000a946000000,0x000000a946100000)]
  0x000002326c481e30 JavaThread "C1 CompilerThread0" daemon [_thread_in_native, id=13676, stack(0x000000a946100000,0x000000a946200000)]
  0x000002326c483740 JavaThread "Sweeper thread" daemon [_thread_blocked, id=17264, stack(0x000000a946200000,0x000000a946300000)]
  0x000002326c5f8000 JavaThread "Notification Thread" daemon [_thread_blocked, id=2964, stack(0x000000a946300000,0x000000a946400000)]
  0x000002326c5f6060 JavaThread "Common-Cleaner" daemon [_thread_blocked, id=11908, stack(0x000000a946500000,0x000000a946600000)]
  0x00000232702ee280 JavaThread "C2 CompilerThread1" daemon [_thread_in_native, id=15784, stack(0x000000a946600000,0x000000a946700000)]

Other Threads:
  0x000002326b85ed00 VMThread "VM Thread" [stack: 0x000000a945900000,0x000000a945a00000] [id=2864]
  0x000002326c546ab0 WatcherThread [stack: 0x000000a946400000,0x000000a946500000] [id=16836]
  0x000002324d2eaa40 GCTaskThread "GC Thread#0" [stack: 0x000000a945400000,0x000000a945500000] [id=8028]
  0x000002326ca5f340 GCTaskThread "GC Thread#1" [stack: 0x000000a946700000,0x000000a946800000] [id=5316]
  0x000002326cac9f60 GCTaskThread "GC Thread#2" [stack: 0x000000a946800000,0x000000a946900000] [id=3060]
  0x000002326caca210 GCTaskThread "GC Thread#3" [stack: 0x000000a946900000,0x000000a946a00000] [id=16332]
  0x000002326cacacd0 GCTaskThread "GC Thread#4" [stack: 0x000000a946a00000,0x000000a946b00000] [id=7468]
  0x000002326cacb790 GCTaskThread "GC Thread#5" [stack: 0x000000a946b00000,0x000000a946c00000] [id=17372]
  0x000002324d2fc8a0 ConcurrentGCThread "G1 Main Marker" [stack: 0x000000a945500000,0x000000a945600000] [id=16048]
  0x000002324d2fda50 ConcurrentGCThread "G1 Conc#0" [stack: 0x000000a945600000,0x000000a945700000] [id=16636]
  0x000002326d9dc3d0 ConcurrentGCThread "G1 Conc#1" [stack: 0x000000a946c00000,0x000000a946d00000] [id=14048]
  0x000002326b6e24d0 ConcurrentGCThread "G1 Refine#0" [stack: 0x000000a945700000,0x000000a945800000] [id=1320]
  0x0000023270775bb0 ConcurrentGCThread "G1 Refine#1" [stack: 0x000000a946d00000,0x000000a946e00000] [id=8576]
  0x000002326b6e2ef0 ConcurrentGCThread "G1 Service" [stack: 0x000000a945800000,0x000000a945900000] [id=12904]

Threads with active compile tasks:
C2 CompilerThread0     6786 9921       4       org.jetbrains.kotlin.ir.util.IrFakeOverrideUtilsKt::collectAndFilterRealOverrides$collectRealOverrides (157 bytes)
C1 CompilerThread0     6786 10173       3       org.jetbrains.kotlin.ir.util.TypeTranslator::translateType (625 bytes)
C2 CompilerThread1     6786 10166       4       org.jetbrains.kotlin.types.SpecialTypesKt::getAbbreviation (23 bytes)

VM state: not at safepoint (normal execution)

VM Mutex/Monitor currently owned by a thread:  ([mutex/lock_event])
[0x000002324d2793f0] CodeCache_lock - owner thread: 0x000002326c481e30
[0x000002324d27a7a0] Compile_lock - owner thread: 0x000002326c481e30
[0x000002324d279000] MethodCompileQueue_lock - owner thread: 0x0000000000000000

Heap address: 0x0000000700e00000, size: 4082 MB, Compressed Oops mode: Zero based, Oop shift amount: 3

CDS archive(s) not mapped
Compressed class space mapped at: 0x0000000800000000-0x0000000840000000, reserved size: 1073741824
Narrow klass base: 0x0000000800000000, Narrow klass shift: 0, Narrow klass range: 0x40000000

GC Precious Log:
 CPUs: 6 total, 6 available
 Memory: 16326M
 Large Page Support: Disabled
 NUMA Support: Disabled
 Compressed Oops: Enabled (Zero based)
 Heap Region Size: 2M
 Heap Min Capacity: 8M
 Heap Initial Capacity: 256M
 Heap Max Capacity: 4082M
 Pre-touch: Disabled
 Parallel Workers: 6
 Concurrent Workers: 2
 Concurrent Refinement Workers: 6
 Periodic GC: Disabled

Heap:
 garbage-first heap   total 131072K, used 90901K [0x0000000700e00000, 0x0000000800000000)
  region size 2048K, 13 young (26624K), 2 survivors (4096K)
 Metaspace       used 75507K, committed 75776K, reserved 1122304K
  class space    used 8512K, committed 8640K, reserved 1048576K

Heap Regions: E=young(eden), S=young(survivor), O=old, HS=humongous(starts), HC=humongous(continues), CS=collection set, F=free, OA=open archive, CA=closed archive, TAMS=top-at-mark-start (previous, next)
|   0|0x0000000700e00000, 0x0000000701000000, 0x0000000701000000|100%|HS|  |TAMS 0x0000000701000000, 0x0000000700e00000| Complete 
|   1|0x0000000701000000, 0x0000000701200000, 0x0000000701200000|100%|HC|  |TAMS 0x0000000701200000, 0x0000000701000000| Complete 
|   2|0x0000000701200000, 0x0000000701400000, 0x0000000701400000|100%| O|  |TAMS 0x0000000701400000, 0x0000000701200000| Untracked 
|   3|0x0000000701400000, 0x0000000701600000, 0x0000000701600000|100%| O|  |TAMS 0x0000000701600000, 0x0000000701400000| Untracked 
|   4|0x0000000701600000, 0x0000000701800000, 0x0000000701800000|100%|HS|  |TAMS 0x0000000701800000, 0x0000000701600000| Complete 
|   5|0x0000000701800000, 0x0000000701a00000, 0x0000000701a00000|100%|HC|  |TAMS 0x0000000701a00000, 0x0000000701800000| Complete 
|   6|0x0000000701a00000, 0x0000000701c00000, 0x0000000701c00000|100%| O|  |TAMS 0x0000000701c00000, 0x0000000701a00000| Untracked 
|   7|0x0000000701c00000, 0x0000000701e00000, 0x0000000701e00000|100%| O|  |TAMS 0x0000000701e00000, 0x0000000701c00000| Untracked 
|   8|0x0000000701e00000, 0x0000000702000000, 0x0000000702000000|100%| O|  |TAMS 0x0000000702000000, 0x0000000701e00000| Untracked 
|   9|0x0000000702000000, 0x00000007020fa000, 0x0000000702200000| 48%| O|  |TAMS 0x00000007020fa000, 0x0000000702000000| Complete 
|  10|0x0000000702200000, 0x0000000702400000, 0x0000000702400000|100%| O|  |TAMS 0x0000000702400000, 0x0000000702200000| Untracked 
|  11|0x0000000702400000, 0x0000000702600000, 0x0000000702600000|100%| O|  |TAMS 0x0000000702600000, 0x0000000702400000| Untracked 
|  12|0x0000000702600000, 0x0000000702800000, 0x0000000702800000|100%|HS|  |TAMS 0x0000000702800000, 0x0000000702600000| Complete 
|  13|0x0000000702800000, 0x0000000702a00000, 0x0000000702a00000|100%| O|  |TAMS 0x0000000702a00000, 0x0000000702800000| Untracked 
|  14|0x0000000702a00000, 0x0000000702c00000, 0x0000000702c00000|100%| O|  |TAMS 0x0000000702c00000, 0x0000000702a00000| Untracked 
|  15|0x0000000702c00000, 0x0000000702e00000, 0x0000000702e00000|100%| O|  |TAMS 0x0000000702e00000, 0x0000000702c00000| Untracked 
|  16|0x0000000702e00000, 0x0000000703000000, 0x0000000703000000|100%| O|  |TAMS 0x0000000703000000, 0x0000000702e00000| Untracked 
|  17|0x0000000703000000, 0x0000000703200000, 0x0000000703200000|100%| O|  |TAMS 0x0000000703200000, 0x0000000703000000| Untracked 
|  18|0x0000000703200000, 0x0000000703400000, 0x0000000703400000|100%| O|  |TAMS 0x0000000703400000, 0x0000000703200000| Untracked 
|  19|0x0000000703400000, 0x0000000703600000, 0x0000000703600000|100%| O|  |TAMS 0x0000000703600000, 0x0000000703400000| Untracked 
|  20|0x0000000703600000, 0x0000000703800000, 0x0000000703800000|100%| O|  |TAMS 0x0000000703800000, 0x0000000703600000| Untracked 
|  21|0x0000000703800000, 0x0000000703a00000, 0x0000000703a00000|100%| O|  |TAMS 0x0000000703a00000, 0x0000000703800000| Untracked 
|  22|0x0000000703a00000, 0x0000000703c00000, 0x0000000703c00000|100%| O|  |TAMS 0x0000000703c00000, 0x0000000703a00000| Untracked 
|  23|0x0000000703c00000, 0x0000000703e00000, 0x0000000703e00000|100%| O|  |TAMS 0x0000000703e00000, 0x0000000703c00000| Untracked 
|  24|0x0000000703e00000, 0x0000000704000000, 0x0000000704000000|100%| O|  |TAMS 0x0000000704000000, 0x0000000703e00000| Untracked 
|  25|0x0000000704000000, 0x0000000704200000, 0x0000000704200000|100%| O|  |TAMS 0x0000000704200000, 0x0000000704000000| Untracked 
|  26|0x0000000704200000, 0x0000000704400000, 0x0000000704400000|100%| O|  |TAMS 0x0000000704400000, 0x0000000704200000| Untracked 
|  27|0x0000000704400000, 0x0000000704600000, 0x0000000704600000|100%| O|  |TAMS 0x0000000704600000, 0x0000000704400000| Untracked 
|  28|0x0000000704600000, 0x0000000704800000, 0x0000000704800000|100%| O|  |TAMS 0x0000000704800000, 0x0000000704600000| Untracked 
|  29|0x0000000704800000, 0x0000000704a00000, 0x0000000704a00000|100%| O|  |TAMS 0x0000000704a00000, 0x0000000704800000| Untracked 
|  30|0x0000000704a00000, 0x0000000704c00000, 0x0000000704c00000|100%| O|  |TAMS 0x0000000704c00000, 0x0000000704a00000| Untracked 
|  31|0x0000000704c00000, 0x0000000704e00000, 0x0000000704e00000|100%| O|  |TAMS 0x0000000704c81000, 0x0000000704c00000| Untracked 
|  32|0x0000000704e00000, 0x0000000705000000, 0x0000000705000000|100%| O|  |TAMS 0x0000000704e00000, 0x0000000704e00000| Untracked 
|  33|0x0000000705000000, 0x0000000705200000, 0x0000000705200000|100%| O|  |TAMS 0x0000000705000000, 0x0000000705000000| Untracked 
|  34|0x0000000705200000, 0x000000070529af90, 0x0000000705400000| 30%| O|  |TAMS 0x0000000705200000, 0x0000000705200000| Untracked 
|  35|0x0000000705400000, 0x0000000705400000, 0x0000000705600000|  0%| F|  |TAMS 0x0000000705400000, 0x0000000705400000| Untracked 
|  36|0x0000000705600000, 0x0000000705600000, 0x0000000705800000|  0%| F|  |TAMS 0x0000000705600000, 0x0000000705600000| Untracked 
|  37|0x0000000705800000, 0x0000000705800000, 0x0000000705a00000|  0%| F|  |TAMS 0x0000000705800000, 0x0000000705800000| Untracked 
|  38|0x0000000705a00000, 0x0000000705a00000, 0x0000000705c00000|  0%| F|  |TAMS 0x0000000705a00000, 0x0000000705a00000| Untracked 
|  39|0x0000000705c00000, 0x0000000705c00000, 0x0000000705e00000|  0%| F|  |TAMS 0x0000000705c00000, 0x0000000705c00000| Untracked 
|  40|0x0000000705e00000, 0x0000000705e00000, 0x0000000706000000|  0%| F|  |TAMS 0x0000000705e00000, 0x0000000705e00000| Untracked 
|  41|0x0000000706000000, 0x0000000706000000, 0x0000000706200000|  0%| F|  |TAMS 0x0000000706000000, 0x0000000706000000| Untracked 
|  42|0x0000000706200000, 0x0000000706400000, 0x0000000706400000|100%| E|CS|TAMS 0x0000000706200000, 0x0000000706200000| Complete 
|  43|0x0000000706400000, 0x0000000706400000, 0x0000000706600000|  0%| F|  |TAMS 0x0000000706400000, 0x0000000706400000| Untracked 
|  44|0x0000000706600000, 0x0000000706600000, 0x0000000706800000|  0%| F|  |TAMS 0x0000000706600000, 0x0000000706600000| Untracked 
|  45|0x0000000706800000, 0x0000000706a00000, 0x0000000706a00000|100%| E|CS|TAMS 0x0000000706800000, 0x0000000706800000| Complete 
|  46|0x0000000706a00000, 0x0000000706a00000, 0x0000000706c00000|  0%| F|  |TAMS 0x0000000706a00000, 0x0000000706a00000| Untracked 
|  47|0x0000000706c00000, 0x0000000706c00000, 0x0000000706e00000|  0%| F|  |TAMS 0x0000000706c00000, 0x0000000706c00000| Untracked 
|  48|0x0000000706e00000, 0x0000000706e00000, 0x0000000707000000|  0%| F|  |TAMS 0x0000000706e00000, 0x0000000706e00000| Untracked 
|  49|0x0000000707000000, 0x0000000707000000, 0x0000000707200000|  0%| F|  |TAMS 0x0000000707000000, 0x0000000707000000| Untracked 
|  50|0x0000000707200000, 0x0000000707200000, 0x0000000707400000|  0%| F|  |TAMS 0x0000000707200000, 0x0000000707200000| Untracked 
|  51|0x0000000707400000, 0x0000000707400000, 0x0000000707600000|  0%| F|  |TAMS 0x0000000707400000, 0x0000000707400000| Untracked 
|  52|0x0000000707600000, 0x00000007076c9390, 0x0000000707800000| 39%| S|  |TAMS 0x0000000707600000, 0x0000000707600000| Complete 
|  53|0x0000000707800000, 0x0000000707a00000, 0x0000000707a00000|100%| E|CS|TAMS 0x0000000707800000, 0x0000000707800000| Complete 
|  54|0x0000000707a00000, 0x0000000707c00000, 0x0000000707c00000|100%| E|CS|TAMS 0x0000000707a00000, 0x0000000707a00000| Complete 
|  55|0x0000000707c00000, 0x0000000707e00000, 0x0000000707e00000|100%| E|CS|TAMS 0x0000000707c00000, 0x0000000707c00000| Complete 
|  56|0x0000000707e00000, 0x0000000708000000, 0x0000000708000000|100%| E|CS|TAMS 0x0000000707e00000, 0x0000000707e00000| Complete 
|  57|0x0000000708000000, 0x0000000708200000, 0x0000000708200000|100%| E|CS|TAMS 0x0000000708000000, 0x0000000708000000| Complete 
|  58|0x0000000708200000, 0x0000000708400000, 0x0000000708400000|100%| E|CS|TAMS 0x0000000708200000, 0x0000000708200000| Complete 
|  59|0x0000000708400000, 0x0000000708600000, 0x0000000708600000|100%| E|CS|TAMS 0x0000000708400000, 0x0000000708400000| Complete 
|  60|0x0000000708600000, 0x0000000708800000, 0x0000000708800000|100%| E|CS|TAMS 0x0000000708600000, 0x0000000708600000| Complete 
|  69|0x0000000709800000, 0x0000000709a00000, 0x0000000709a00000|100%| E|CS|TAMS 0x0000000709800000, 0x0000000709800000| Complete 
|  70|0x0000000709a00000, 0x0000000709c00000, 0x0000000709c00000|100%| E|CS|TAMS 0x0000000709a00000, 0x0000000709a00000| Complete 
| 127|0x0000000710c00000, 0x0000000710e00000, 0x0000000710e00000|100%| E|CS|TAMS 0x0000000710c00000, 0x0000000710c00000| Complete 

Card table byte_map: [0x0000023260060000,0x0000023260860000] _byte_map_base: 0x000002325c859000

Marking Bits (Prev, Next): (CMBitMap*) 0x000002324d2ec0a0, (CMBitMap*) 0x000002324d2ec060
 Prev Bits: [0x0000023265030000, 0x0000023268ff8000)
 Next Bits: [0x0000023261060000, 0x0000023265028000)

Polling page: 0x000002324b280000

Metaspace:

Usage:
  Non-class:     65.43 MB used.
      Class:      8.31 MB used.
       Both:     73.74 MB used.

Virtual space:
  Non-class space:       72.00 MB reserved,      65.56 MB ( 91%) committed,  9 nodes.
      Class space:        1.00 GB reserved,       8.44 MB ( <1%) committed,  1 nodes.
             Both:        1.07 GB reserved,      74.00 MB (  7%) committed. 

Chunk freelists:
   Non-Class:  2.14 MB
       Class:  3.52 MB
        Both:  5.66 MB

MaxMetaspaceSize: unlimited
CompressedClassSpaceSize: 1.00 GB
Initial GC threshold: 21.00 MB
Current GC threshold: 120.56 MB
CDS: off
MetaspaceReclaimPolicy: balanced
 - commit_granule_bytes: 65536.
 - commit_granule_words: 8192.
 - virtual_space_node_default_size: 1048576.
 - enlarge_chunks_in_place: 1.
 - new_chunks_are_fully_committed: 0.
 - uncommit_free_chunks: 1.
 - use_allocation_guard: 0.
 - handle_deallocations: 1.


Internal statistics:

num_allocs_failed_limit: 12.
num_arena_births: 310.
num_arena_deaths: 0.
num_vsnodes_births: 10.
num_vsnodes_deaths: 0.
num_space_committed: 1182.
num_space_uncommitted: 0.
num_chunks_returned_to_freelist: 12.
num_chunks_taken_from_freelist: 2620.
num_chunk_merges: 9.
num_chunk_splits: 2161.
num_chunks_enlarged: 1943.
num_purges: 0.
num_inconsistent_stats: 0.

CodeHeap 'non-profiled nmethods': size=120000Kb used=4142Kb max_used=4142Kb free=115857Kb
 bounds [0x0000023258220000, 0x0000023258630000, 0x000002325f750000]
CodeHeap 'profiled nmethods': size=120000Kb used=22808Kb max_used=22808Kb free=97191Kb
 bounds [0x0000023250750000, 0x0000023251da0000, 0x0000023257c80000]
CodeHeap 'non-nmethods': size=5760Kb used=1402Kb max_used=1493Kb free=4357Kb
 bounds [0x0000023257c80000, 0x0000023257ef0000, 0x0000023258220000]
 total_blobs=9532 nmethods=8796 adapters=645
 compilation: enabled
              stopped_count=0, restarted_count=0
 full_count=0

Compilation events (20 events):
Event: 6.759 Thread 0x000002326c481e30 nmethod 10118 0x0000023251d56710 code [0x0000023251d56b00, 0x0000023251d58e18]
Event: 6.759 Thread 0x000002326c481e30 10128       3       org.jetbrains.kotlin.backend.jvm.lower.ReplaceDefaultImplsOverriddenSymbols::visitSimpleFunction (170 bytes)
Event: 6.761 Thread 0x00000232702ee280 nmethod 10101 0x0000023258627790 code [0x0000023258627920, 0x0000023258627ad8]
Event: 6.761 Thread 0x00000232702ee280 10083       4       org.jetbrains.kotlin.ir.declarations.lazy.IrLazyValueParameter::getType (19 bytes)
Event: 6.762 Thread 0x000002326c481e30 nmethod 10128 0x0000023251d59510 code [0x0000023251d59a80, 0x0000023251d5c978]
Event: 6.762 Thread 0x000002326c481e30 10129       3       org.jetbrains.kotlin.backend.jvm.lower.TailCallOptimizationLowering$lower$1::visitFunction (10 bytes)
Event: 6.763 Thread 0x000002326c481e30 nmethod 10129 0x0000023251d5d910 code [0x0000023251d5db80, 0x0000023251d5e778]
Event: 6.763 Thread 0x000002326c481e30 10130       3       org.jetbrains.kotlin.backend.jvm.lower.TailCallOptimizationLowering$lower$1::visitFunction (7 bytes)
Event: 6.764 Thread 0x000002326c481e30 nmethod 10130 0x0000023251d5eb90 code [0x0000023251d5ee40, 0x0000023251d5fb68]
Event: 6.764 Thread 0x000002326c481e30 10131       3       org.jetbrains.kotlin.backend.jvm.lower.TailCallOptimizationLowering$lower$1::visitSimpleFunction (10 bytes)
Event: 6.764 Thread 0x000002326c481e30 nmethod 10131 0x0000023251d60010 code [0x0000023251d601c0, 0x0000023251d60448]
Event: 6.764 Thread 0x000002326c481e30 10132       3       org.jetbrains.kotlin.backend.jvm.lower.TailCallOptimizationLowering$lower$1::visitSimpleFunction (31 bytes)
Event: 6.765 Thread 0x00000232702ee280 nmethod 10083 0x0000023258627c90 code [0x0000023258627e20, 0x0000023258628398]
Event: 6.765 Thread 0x00000232702ee280 10117       4       org.jetbrains.kotlin.backend.common.ClassLoweringVisitor::visitSimpleFunction (13 bytes)
Event: 6.765 Thread 0x000002326c481e30 nmethod 10132 0x0000023251d60510 code [0x0000023251d60880, 0x0000023251d61d68]
Event: 6.765 Thread 0x000002326c481e30 10139       3       org.jetbrains.kotlin.backend.jvm.lower.BridgeLoweringKt::overriddenFromClass (128 bytes)
Event: 6.766 Thread 0x000002326c481e30 nmethod 10139 0x0000023251d62490 code [0x0000023251d628e0, 0x0000023251d64b28]
Event: 6.766 Thread 0x000002326c481e30 10125       3       org.jetbrains.kotlin.backend.jvm.lower.ReplaceDefaultImplsOverriddenSymbols::visitFunction (6 bytes)
Event: 6.767 Thread 0x000002326c481e30 nmethod 10125 0x0000023251d65490 code [0x0000023251d657a0, 0x0000023251d66688]
Event: 6.767 Thread 0x000002326c481e30 10142       3       org.jetbrains.kotlin.backend.jvm.lower.BridgeLowering::createBridges (1007 bytes)

GC Heap History (20 events):
Event: 1.630 GC heap before
{Heap before GC invocations=8 (full 0):
 garbage-first heap   total 155648K, used 33640K [0x0000000700e00000, 0x0000000800000000)
  region size 2048K, 6 young (12288K), 1 survivors (2048K)
 Metaspace       used 35905K, committed 36096K, reserved 1081344K
  class space    used 4531K, committed 4608K, reserved 1048576K
}
Event: 1.633 GC heap after
{Heap after GC invocations=9 (full 0):
 garbage-first heap   total 155648K, used 26692K [0x0000000700e00000, 0x0000000800000000)
  region size 2048K, 2 young (4096K), 2 survivors (4096K)
 Metaspace       used 35905K, committed 36096K, reserved 1081344K
  class space    used 4531K, committed 4608K, reserved 1048576K
}
Event: 2.428 GC heap before
{Heap before GC invocations=10 (full 0):
 garbage-first heap   total 102400K, used 84036K [0x0000000700e00000, 0x0000000800000000)
  region size 2048K, 30 young (61440K), 2 survivors (4096K)
 Metaspace       used 48232K, committed 48448K, reserved 1097728K
  class space    used 5843K, committed 5952K, reserved 1048576K
}
Event: 2.438 GC heap after
{Heap after GC invocations=11 (full 0):
 garbage-first heap   total 102400K, used 32266K [0x0000000700e00000, 0x0000000800000000)
  region size 2048K, 4 young (8192K), 4 survivors (8192K)
 Metaspace       used 48232K, committed 48448K, reserved 1097728K
  class space    used 5843K, committed 5952K, reserved 1048576K
}
Event: 2.718 GC heap before
{Heap before GC invocations=11 (full 0):
 garbage-first heap   total 102400K, used 71178K [0x0000000700e00000, 0x0000000800000000)
  region size 2048K, 23 young (47104K), 4 survivors (8192K)
 Metaspace       used 49704K, committed 49920K, reserved 1097728K
  class space    used 6000K, committed 6080K, reserved 1048576K
}
Event: 2.729 GC heap after
{Heap after GC invocations=12 (full 0):
 garbage-first heap   total 102400K, used 35654K [0x0000000700e00000, 0x0000000800000000)
  region size 2048K, 2 young (4096K), 2 survivors (4096K)
 Metaspace       used 49704K, committed 49920K, reserved 1097728K
  class space    used 6000K, committed 6080K, reserved 1048576K
}
Event: 3.430 GC heap before
{Heap before GC invocations=12 (full 0):
 garbage-first heap   total 102400K, used 74566K [0x0000000700e00000, 0x0000000800000000)
  region size 2048K, 21 young (43008K), 2 survivors (4096K)
 Metaspace       used 52918K, committed 53184K, reserved 1097728K
  class space    used 6261K, committed 6400K, reserved 1048576K
}
Event: 3.441 GC heap after
{Heap after GC invocations=13 (full 0):
 garbage-first heap   total 102400K, used 43118K [0x0000000700e00000, 0x0000000800000000)
  region size 2048K, 3 young (6144K), 3 survivors (6144K)
 Metaspace       used 52918K, committed 53184K, reserved 1097728K
  class space    used 6261K, committed 6400K, reserved 1048576K
}
Event: 3.799 GC heap before
{Heap before GC invocations=13 (full 0):
 garbage-first heap   total 102400K, used 75886K [0x0000000700e00000, 0x0000000800000000)
  region size 2048K, 19 young (38912K), 3 survivors (6144K)
 Metaspace       used 53632K, committed 53952K, reserved 1097728K
  class space    used 6307K, committed 6464K, reserved 1048576K
}
Event: 3.815 GC heap after
{Heap after GC invocations=14 (full 0):
 garbage-first heap   total 122880K, used 49843K [0x0000000700e00000, 0x0000000800000000)
  region size 2048K, 3 young (6144K), 3 survivors (6144K)
 Metaspace       used 53632K, committed 53952K, reserved 1097728K
  class space    used 6307K, committed 6464K, reserved 1048576K
}
Event: 4.455 GC heap before
{Heap before GC invocations=14 (full 0):
 garbage-first heap   total 122880K, used 90803K [0x0000000700e00000, 0x0000000800000000)
  region size 2048K, 23 young (47104K), 3 survivors (6144K)
 Metaspace       used 58099K, committed 58368K, reserved 1105920K
  class space    used 6816K, committed 6976K, reserved 1048576K
}
Event: 4.467 GC heap after
{Heap after GC invocations=15 (full 0):
 garbage-first heap   total 122880K, used 53902K [0x0000000700e00000, 0x0000000800000000)
  region size 2048K, 2 young (4096K), 2 survivors (4096K)
 Metaspace       used 58099K, committed 58368K, reserved 1105920K
  class space    used 6816K, committed 6976K, reserved 1048576K
}
Event: 4.988 GC heap before
{Heap before GC invocations=15 (full 0):
 garbage-first heap   total 122880K, used 82574K [0x0000000700e00000, 0x0000000800000000)
  region size 2048K, 17 young (34816K), 2 survivors (4096K)
 Metaspace       used 60205K, committed 60480K, reserved 1105920K
  class space    used 6932K, committed 7040K, reserved 1048576K
}
Event: 5.000 GC heap after
{Heap after GC invocations=16 (full 0):
 garbage-first heap   total 122880K, used 58910K [0x0000000700e00000, 0x0000000800000000)
  region size 2048K, 3 young (6144K), 3 survivors (6144K)
 Metaspace       used 60205K, committed 60480K, reserved 1105920K
  class space    used 6932K, committed 7040K, reserved 1048576K
}
Event: 5.538 GC heap before
{Heap before GC invocations=17 (full 0):
 garbage-first heap   total 122880K, used 91678K [0x0000000700e00000, 0x0000000800000000)
  region size 2048K, 20 young (40960K), 3 survivors (6144K)
 Metaspace       used 65874K, committed 66176K, reserved 1114112K
  class space    used 7546K, committed 7680K, reserved 1048576K
}
Event: 5.551 GC heap after
{Heap after GC invocations=18 (full 0):
 garbage-first heap   total 122880K, used 63014K [0x0000000700e00000, 0x0000000800000000)
  region size 2048K, 2 young (4096K), 2 survivors (4096K)
 Metaspace       used 65874K, committed 66176K, reserved 1114112K
  class space    used 7546K, committed 7680K, reserved 1048576K
}
Event: 6.120 GC heap before
{Heap before GC invocations=19 (full 0):
 garbage-first heap   total 122880K, used 91686K [0x0000000700e00000, 0x0000000800000000)
  region size 2048K, 17 young (34816K), 2 survivors (4096K)
 Metaspace       used 70116K, committed 70400K, reserved 1114112K
  class space    used 7961K, committed 8128K, reserved 1048576K
}
Event: 6.130 GC heap after
{Heap after GC invocations=20 (full 0):
 garbage-first heap   total 122880K, used 67052K [0x0000000700e00000, 0x0000000800000000)
  region size 2048K, 2 young (4096K), 2 survivors (4096K)
 Metaspace       used 70116K, committed 70400K, reserved 1114112K
  class space    used 7961K, committed 8128K, reserved 1048576K
}
Event: 6.453 GC heap before
{Heap before GC invocations=20 (full 0):
 garbage-first heap   total 122880K, used 95724K [0x0000000700e00000, 0x0000000800000000)
  region size 2048K, 16 young (32768K), 2 survivors (4096K)
 Metaspace       used 73276K, committed 73600K, reserved 1114112K
  class space    used 8294K, committed 8448K, reserved 1048576K
}
Event: 6.466 GC heap after
{Heap after GC invocations=21 (full 0):
 garbage-first heap   total 122880K, used 72469K [0x0000000700e00000, 0x0000000800000000)
  region size 2048K, 2 young (4096K), 2 survivors (4096K)
 Metaspace       used 73276K, committed 73600K, reserved 1114112K
  class space    used 8294K, committed 8448K, reserved 1048576K
}

Dll operation events (2 events):
Event: 0.004 Loaded shared library C:\Program Files\Android\Android Studio\jbr\bin\java.dll
Event: 0.729 Loaded shared library C:\Program Files\Android\Android Studio\jbr\bin\verify.dll

Deoptimization events (20 events):
Event: 6.614 Thread 0x000002324d27d480 Uncommon trap: trap_request=0xffffffde fr.pc=0x00000232585d4770 relative=0x00000000000005d0
Event: 6.614 Thread 0x000002324d27d480 Uncommon trap: reason=class_check action=maybe_recompile pc=0x00000232585d4770 method=org.jetbrains.kotlin.load.java.typeEnhancement.TypeEnhancementUtilsKt.hasEnhancedNullability(Lorg/jetbrains/kotlin/types/TypeSystemCommonBackendContext;Lorg/jetbrains/ko
Event: 6.614 Thread 0x000002324d27d480 DEOPT PACKING pc=0x00000232585d4770 sp=0x000000a9453fd650
Event: 6.614 Thread 0x000002324d27d480 DEOPT UNPACKING pc=0x0000023257cd69a3 sp=0x000000a9453fd5e0 mode 2
Event: 6.614 Thread 0x000002324d27d480 Uncommon trap: trap_request=0xffffffde fr.pc=0x00000232585d4770 relative=0x00000000000005d0
Event: 6.614 Thread 0x000002324d27d480 Uncommon trap: reason=class_check action=maybe_recompile pc=0x00000232585d4770 method=org.jetbrains.kotlin.load.java.typeEnhancement.TypeEnhancementUtilsKt.hasEnhancedNullability(Lorg/jetbrains/kotlin/types/TypeSystemCommonBackendContext;Lorg/jetbrains/ko
Event: 6.614 Thread 0x000002324d27d480 DEOPT PACKING pc=0x00000232585d4770 sp=0x000000a9453fd660
Event: 6.614 Thread 0x000002324d27d480 DEOPT UNPACKING pc=0x0000023257cd69a3 sp=0x000000a9453fd5f0 mode 2
Event: 6.614 Thread 0x000002324d27d480 Uncommon trap: trap_request=0xffffffde fr.pc=0x00000232585d4770 relative=0x00000000000005d0
Event: 6.614 Thread 0x000002324d27d480 Uncommon trap: reason=class_check action=maybe_recompile pc=0x00000232585d4770 method=org.jetbrains.kotlin.load.java.typeEnhancement.TypeEnhancementUtilsKt.hasEnhancedNullability(Lorg/jetbrains/kotlin/types/TypeSystemCommonBackendContext;Lorg/jetbrains/ko
Event: 6.614 Thread 0x000002324d27d480 DEOPT PACKING pc=0x00000232585d4770 sp=0x000000a9453fd660
Event: 6.614 Thread 0x000002324d27d480 DEOPT UNPACKING pc=0x0000023257cd69a3 sp=0x000000a9453fd5f0 mode 2
Event: 6.669 Thread 0x000002324d27d480 Uncommon trap: trap_request=0xffffff76 fr.pc=0x0000023258466054 relative=0x0000000000001b74
Event: 6.669 Thread 0x000002324d27d480 Uncommon trap: reason=predicate action=maybe_recompile pc=0x0000023258466054 method=kotlin.collections.ArraysKt___ArraysKt.toCollection([Ljava/lang/Object;Ljava/util/Collection;)Ljava/util/Collection; @ 20 c2
Event: 6.669 Thread 0x000002324d27d480 DEOPT PACKING pc=0x0000023258466054 sp=0x000000a9453fda60
Event: 6.669 Thread 0x000002324d27d480 DEOPT UNPACKING pc=0x0000023257cd69a3 sp=0x000000a9453fda50 mode 2
Event: 6.707 Thread 0x000002324d27d480 Uncommon trap: trap_request=0xffffffde fr.pc=0x00000232585fc6b4 relative=0x0000000000000114
Event: 6.707 Thread 0x000002324d27d480 Uncommon trap: reason=class_check action=maybe_recompile pc=0x00000232585fc6b4 method=org.jetbrains.kotlin.backend.common.UtilsKt.pop(Ljava/util/List;)Ljava/lang/Object; @ 8 c2
Event: 6.707 Thread 0x000002324d27d480 DEOPT PACKING pc=0x00000232585fc6b4 sp=0x000000a9453fde60
Event: 6.707 Thread 0x000002324d27d480 DEOPT UNPACKING pc=0x0000023257cd69a3 sp=0x000000a9453fde18 mode 2

Classes unloaded (0 events):
No events

Classes redefined (0 events):
No events

Internal exceptions (20 events):
Event: 3.092 Thread 0x000002324d27d480 Exception <a 'java/lang/NoSuchMethodError'{0x0000000705805560}: 'java.lang.Object java.lang.invoke.DirectMethodHandle$Holder.invokeStaticInit(java.lang.Object, java.lang.Object, java.lang.Object)'> (0x0000000705805560) 
thrown [s\src\hotspot\share\interpreter\linkResolver.cpp, line 771]
Event: 3.537 Thread 0x000002324d27d480 Implicit null exception at 0x000002325826e56f to 0x000002325826e75c
Event: 3.537 Thread 0x000002324d27d480 Implicit null exception at 0x0000023258278d8f to 0x0000023258278e09
Event: 3.622 Thread 0x000002324d27d480 Exception <a 'java/lang/NoSuchMethodError'{0x00000007062faa70}: 'java.lang.Object java.lang.invoke.DirectMethodHandle$Holder.newInvokeSpecial(java.lang.Object, int, java.lang.Object)'> (0x00000007062faa70) 
thrown [s\src\hotspot\share\interpreter\linkResolver.cpp, line 771]
Event: 3.623 Thread 0x000002324d27d480 Exception <a 'java/lang/NoSuchMethodError'{0x0000000706301058}: 'int java.lang.invoke.DirectMethodHandle$Holder.invokeInterface(java.lang.Object, java.lang.Object)'> (0x0000000706301058) 
thrown [s\src\hotspot\share\interpreter\linkResolver.cpp, line 771]
Event: 4.049 Thread 0x000002324d27d480 Exception <a 'java/lang/NoSuchMethodError'{0x0000000706dbbf50}: 'java.lang.Object java.lang.invoke.DirectMethodHandle$Holder.newInvokeSpecial(java.lang.Object, int, java.lang.Object, java.lang.Object)'> (0x0000000706dbbf50) 
thrown [s\src\hotspot\share\interpreter\linkResolver.cpp, line 771]
Event: 4.129 Thread 0x000002324d27d480 Implicit null exception at 0x00000232583a4d4c to 0x00000232583a4e54
Event: 4.247 Thread 0x000002324d27d480 Exception <a 'java/lang/NoSuchMethodError'{0x0000000706588d50}: 'java.lang.Object java.lang.invoke.DirectMethodHandle$Holder.invokeInterface(java.lang.Object, java.lang.Object, java.lang.Object)'> (0x0000000706588d50) 
thrown [s\src\hotspot\share\interpreter\linkResolver.cpp, line 771]
Event: 4.247 Thread 0x000002324d27d480 Exception <a 'java/lang/IncompatibleClassChangeError'{0x000000070658c6c0}: Found class java.lang.Object, but interface was expected> (0x000000070658c6c0) 
thrown [s\src\hotspot\share\interpreter\linkResolver.cpp, line 838]
Event: 4.432 Thread 0x000002324d27d480 Implicit null exception at 0x00000232584a35c0 to 0x00000232584a4608
Event: 4.508 Thread 0x000002324d27d480 Exception <a 'java/lang/NoSuchMethodError'{0x0000000710d0df78}: 'int java.lang.invoke.DirectMethodHandle$Holder.invokeStaticInit(java.lang.Object, int)'> (0x0000000710d0df78) 
thrown [s\src\hotspot\share\interpreter\linkResolver.cpp, line 771]
Event: 4.664 Thread 0x000002324d27d480 Exception <a 'java/lang/NoSuchMethodError'{0x0000000707da6d30}: 'java.lang.Object java.lang.invoke.DirectMethodHandle$Holder.invokeStatic(java.lang.Object, int, java.lang.Object)'> (0x0000000707da6d30) 
thrown [s\src\hotspot\share\interpreter\linkResolver.cpp, line 771]
Event: 5.072 Thread 0x000002324d27d480 Exception <a 'java/lang/NoSuchMethodError'{0x0000000709b70f98}: 'java.lang.Object java.lang.invoke.DirectMethodHandle$Holder.newInvokeSpecial(java.lang.Object, java.lang.Object, java.lang.Object, java.lang.Object, java.lang.Object, java.lang.Object, java.lang.Object)'> (0x0000000709b70f98) 
thrown [s\src\hotspot\share\interpreter\linkResolver.cpp, line 771]
Event: 5.072 Thread 0x000002324d27d480 Exception <a 'java/lang/NoSuchMethodError'{0x0000000709b75718}: 'java.lang.Object java.lang.invoke.Invokers$Holder.linkToTargetMethod(java.lang.Object, java.lang.Object, java.lang.Object, java.lang.Object, java.lang.Object, java.lang.Object, java.lang.Object)'> (0x0000000709b75718) 
thrown [s\src\hotspot\share\interpreter\linkResolver.cpp, line 771]
Event: 5.209 Thread 0x000002324d27d480 Exception <a 'java/lang/NoSuchMethodError'{0x0000000707afae28}: 'java.lang.Object java.lang.invoke.DirectMethodHandle$Holder.invokeStaticInit(java.lang.Object, java.lang.Object, java.lang.Object, java.lang.Object)'> (0x0000000707afae28) 
thrown [s\src\hotspot\share\interpreter\linkResolver.cpp, line 771]
Event: 5.344 Thread 0x000002324d27d480 Implicit null exception at 0x0000023258286ee0 to 0x0000023258286f7a
Event: 5.366 Thread 0x000002324d27d480 Exception <a 'java/lang/NoSuchMethodError'{0x0000000706ab9c68}: 'java.lang.Object java.lang.invoke.DirectMethodHandle$Holder.newInvokeSpecial(java.lang.Object, java.lang.Object, java.lang.Object, int, int)'> (0x0000000706ab9c68) 
thrown [s\src\hotspot\share\interpreter\linkResolver.cpp, line 771]
Event: 5.366 Thread 0x000002324d27d480 Exception <a 'java/lang/NoSuchMethodError'{0x0000000706abdaa8}: 'java.lang.Object java.lang.invoke.DirectMethodHandle$Holder.invokeSpecial(java.lang.Object, java.lang.Object, java.lang.Object, java.lang.Object, int, int)'> (0x0000000706abdaa8) 
thrown [s\src\hotspot\share\interpreter\linkResolver.cpp, line 771]
Event: 5.391 Thread 0x000002324d27d480 Exception <a 'java/lang/NoSuchMethodError'{0x000000070682a490}: 'java.lang.Object java.lang.invoke.Invokers$Holder.linkToTargetMethod(java.lang.Object, java.lang.Object, int, int, java.lang.Object, java.lang.Object, java.lang.Object, java.lang.Object, java.lang.Object)'> (0x000000070682a490) 
thrown [s\src\hotspot\share\interpreter\linkResolver.cpp, line 771]
Event: 5.430 Thread 0x000002324d27d480 Implicit null exception at 0x000002325828b2f0 to 0x000002325828b550

VM Operations (20 events):
Event: 6.535 Executing VM operation: G1Concurrent
Event: 6.559 Executing VM operation: G1Concurrent done
Event: 6.656 Executing VM operation: HandshakeAllThreads
Event: 6.656 Executing VM operation: HandshakeAllThreads done
Event: 6.657 Executing VM operation: HandshakeAllThreads
Event: 6.657 Executing VM operation: HandshakeAllThreads done
Event: 6.663 Executing VM operation: HandshakeAllThreads
Event: 6.663 Executing VM operation: HandshakeAllThreads done
Event: 6.672 Executing VM operation: ICBufferFull
Event: 6.672 Executing VM operation: ICBufferFull done
Event: 6.675 Executing VM operation: HandshakeAllThreads
Event: 6.675 Executing VM operation: HandshakeAllThreads done
Event: 6.696 Executing VM operation: HandshakeAllThreads
Event: 6.696 Executing VM operation: HandshakeAllThreads done
Event: 6.697 Executing VM operation: HandshakeAllThreads
Event: 6.697 Executing VM operation: HandshakeAllThreads done
Event: 6.717 Executing VM operation: HandshakeAllThreads
Event: 6.717 Executing VM operation: HandshakeAllThreads done
Event: 6.751 Executing VM operation: ICBufferFull
Event: 6.751 Executing VM operation: ICBufferFull done

Events (20 events):
Event: 6.032 Thread 0x000002326c483740 flushing nmethod 0x00000232519f7c90
Event: 6.032 Thread 0x000002326c483740 flushing nmethod 0x00000232519fb790
Event: 6.032 Thread 0x000002326c483740 flushing nmethod 0x00000232519fea90
Event: 6.032 Thread 0x000002326c483740 flushing nmethod 0x0000023251a03510
Event: 6.032 Thread 0x000002326c483740 flushing nmethod 0x0000023251a05010
Event: 6.032 Thread 0x000002326c483740 flushing nmethod 0x0000023251a36e10
Event: 6.032 Thread 0x000002326c483740 flushing nmethod 0x0000023251a44f90
Event: 6.032 Thread 0x000002326c483740 flushing nmethod 0x0000023251a4af10
Event: 6.032 Thread 0x000002326c483740 flushing nmethod 0x0000023251a59f90
Event: 6.032 Thread 0x000002326c483740 flushing nmethod 0x0000023251a64210
Event: 6.033 Thread 0x000002326c483740 flushing nmethod 0x0000023251ab2e90
Event: 6.033 Thread 0x000002326c483740 flushing nmethod 0x0000023251ab4590
Event: 6.033 Thread 0x000002326c483740 flushing nmethod 0x0000023251abd410
Event: 6.033 Thread 0x000002326c483740 flushing nmethod 0x0000023251ad3410
Event: 6.033 Thread 0x000002326c483740 flushing nmethod 0x0000023251b02310
Event: 6.033 Thread 0x000002326c483740 flushing nmethod 0x0000023251b03410
Event: 6.033 Thread 0x000002326c483740 flushing nmethod 0x0000023251b08c90
Event: 6.033 Thread 0x000002326c483740 flushing nmethod 0x0000023251b3a610
Event: 6.033 Thread 0x000002326c483740 flushing nmethod 0x0000023251b5cf10
Event: 6.033 Thread 0x000002326c483740 flushing nmethod 0x0000023251b75b10


Dynamic libraries:
0x00007ff6ae230000 - 0x00007ff6ae23a000 	C:\Program Files\Android\Android Studio\jbr\bin\java.exe
0x00007ffe83200000 - 0x00007ffe83409000 	C:\WINDOWS\SYSTEM32\ntdll.dll
0x00007ffe81050000 - 0x00007ffe8110d000 	C:\WINDOWS\System32\KERNEL32.DLL
0x00007ffe80cc0000 - 0x00007ffe81044000 	C:\WINDOWS\System32\KERNELBASE.dll
0x00007ffe808e0000 - 0x00007ffe809f1000 	C:\WINDOWS\System32\ucrtbase.dll
0x00007ffe6e860000 - 0x00007ffe6e877000 	C:\Program Files\Android\Android Studio\jbr\bin\jli.dll
0x00007ffe56670000 - 0x00007ffe5668b000 	C:\Program Files\Android\Android Studio\jbr\bin\VCRUNTIME140.dll
0x00007ffe83010000 - 0x00007ffe831bd000 	C:\WINDOWS\System32\USER32.dll
0x00007ffe5f2c0000 - 0x00007ffe5f565000 	C:\WINDOWS\WinSxS\amd64_microsoft.windows.common-controls_6595b64144ccf1df_6.0.22000.120_none_9d947278b86cc467\COMCTL32.dll
0x00007ffe80b20000 - 0x00007ffe80b46000 	C:\WINDOWS\System32\win32u.dll
0x00007ffe82670000 - 0x00007ffe82713000 	C:\WINDOWS\System32\msvcrt.dll
0x00007ffe824f0000 - 0x00007ffe8251a000 	C:\WINDOWS\System32\GDI32.dll
0x00007ffe80a00000 - 0x00007ffe80b1e000 	C:\WINDOWS\System32\gdi32full.dll
0x00007ffe80700000 - 0x00007ffe8079d000 	C:\WINDOWS\System32\msvcp_win.dll
0x00007ffe81e70000 - 0x00007ffe81ea1000 	C:\WINDOWS\System32\IMM32.DLL
0x00007ffe6a390000 - 0x00007ffe6a39c000 	C:\Program Files\Android\Android Studio\jbr\bin\vcruntime140_1.dll
0x00007ffe4d250000 - 0x00007ffe4d2dd000 	C:\Program Files\Android\Android Studio\jbr\bin\msvcp140.dll
0x00007ffe13e20000 - 0x00007ffe14a8e000 	C:\Program Files\Android\Android Studio\jbr\bin\server\jvm.dll
0x00007ffe81eb0000 - 0x00007ffe81f5e000 	C:\WINDOWS\System32\ADVAPI32.dll
0x00007ffe82190000 - 0x00007ffe8222e000 	C:\WINDOWS\System32\sechost.dll
0x00007ffe812c0000 - 0x00007ffe813e1000 	C:\WINDOWS\System32\RPCRT4.dll
0x00007ffe7cb60000 - 0x00007ffe7cb69000 	C:\WINDOWS\SYSTEM32\WSOCK32.dll
0x00007ffe7acb0000 - 0x00007ffe7ace3000 	C:\WINDOWS\SYSTEM32\WINMM.dll
0x00007ffe795f0000 - 0x00007ffe795fa000 	C:\WINDOWS\SYSTEM32\VERSION.dll
0x00007ffe81e00000 - 0x00007ffe81e6f000 	C:\WINDOWS\System32\WS2_32.dll
0x00007ffe7f7f0000 - 0x00007ffe7f808000 	C:\WINDOWS\SYSTEM32\kernel.appcore.dll
0x00007ffe7c1f0000 - 0x00007ffe7c1fa000 	C:\Program Files\Android\Android Studio\jbr\bin\jimage.dll
0x00007ffe7e1c0000 - 0x00007ffe7e3e1000 	C:\WINDOWS\SYSTEM32\DBGHELP.DLL
0x00007ffe6dce0000 - 0x00007ffe6dd11000 	C:\WINDOWS\SYSTEM32\dbgcore.DLL
0x00007ffe80860000 - 0x00007ffe808df000 	C:\WINDOWS\System32\bcryptPrimitives.dll
0x00007ffe74e20000 - 0x00007ffe74e45000 	C:\Program Files\Android\Android Studio\jbr\bin\java.dll
0x00007ffe74e00000 - 0x00007ffe74e18000 	C:\Program Files\Android\Android Studio\jbr\bin\zip.dll
0x00007ffe82840000 - 0x00007ffe83005000 	C:\WINDOWS\System32\SHELL32.dll
0x00007ffe7e730000 - 0x00007ffe7ef92000 	C:\WINDOWS\SYSTEM32\windows.storage.dll
0x00007ffe81930000 - 0x00007ffe81ca6000 	C:\WINDOWS\System32\combase.dll
0x00007ffe7e550000 - 0x00007ffe7e6b7000 	C:\WINDOWS\SYSTEM32\wintypes.dll
0x00007ffe81110000 - 0x00007ffe811fa000 	C:\WINDOWS\System32\SHCORE.dll
0x00007ffe82610000 - 0x00007ffe8266d000 	C:\WINDOWS\System32\shlwapi.dll
0x00007ffe805c0000 - 0x00007ffe805e5000 	C:\WINDOWS\SYSTEM32\profapi.dll
0x00007ffe74a10000 - 0x00007ffe74a29000 	C:\Program Files\Android\Android Studio\jbr\bin\net.dll
0x00007ffe7b050000 - 0x00007ffe7b164000 	C:\WINDOWS\SYSTEM32\WINHTTP.dll
0x00007ffe7fca0000 - 0x00007ffe7fd07000 	C:\WINDOWS\system32\mswsock.dll
0x00007ffe749f0000 - 0x00007ffe74a06000 	C:\Program Files\Android\Android Studio\jbr\bin\nio.dll
0x00007ffe7c1e0000 - 0x00007ffe7c1f0000 	C:\Program Files\Android\Android Studio\jbr\bin\verify.dll

dbghelp: loaded successfully - version: 4.0.5 - missing functions: none
symbol engine: initialized successfully - sym options: 0x614 - pdb path: .;C:\Program Files\Android\Android Studio\jbr\bin;C:\WINDOWS\SYSTEM32;C:\WINDOWS\WinSxS\amd64_microsoft.windows.common-controls_6595b64144ccf1df_6.0.22000.120_none_9d947278b86cc467;C:\Program Files\Android\Android Studio\jbr\bin\server

VM Arguments:
java_command: org.jetbrains.kotlin.cli.jvm.K2JVMCompiler @C:\Users\spirit\AndroidStudioProjects\LOCATO\Front-Android\LOCATO\app\build\20231029_15124800712774450045.compiler.options
java_class_path (initial): C:\Users\spirit\.gradle\caches\modules-2\files-2.1\org.jetbrains.kotlin\kotlin-compiler-embeddable\1.8.20\78d9baa57f65babf9e0a93e51f62f26f5f35ac3e\kotlin-compiler-embeddable-1.8.20.jar;C:\Users\spirit\.gradle\caches\modules-2\files-2.1\org.jetbrains.kotlin\kotlin-stdlib\1.8.20\e72fc5e03ec6c064c678a6bd0d955c88d55b0c4a\kotlin-stdlib-1.8.20.jar;C:\Users\spirit\.gradle\caches\modules-2\files-2.1\org.jetbrains.kotlin\kotlin-script-runtime\1.8.20\c850771e723701f9d63dbcf641429c0f29290074\kotlin-script-runtime-1.8.20.jar;C:\Users\spirit\.gradle\caches\modules-2\files-2.1\org.jetbrains.kotlin\kotlin-reflect\1.6.10\1cbe9c92c12a94eea200d23c2bbaedaf3daf5132\kotlin-reflect-1.6.10.jar;C:\Users\spirit\.gradle\caches\modules-2\files-2.1\org.jetbrains.kotlin\kotlin-daemon-embeddable\1.8.20\c1b808fbe5fee60bd0504a54778120ef40f383d4\kotlin-daemon-embeddable-1.8.20.jar;C:\Users\spirit\.gradle\caches\modules-2\files-2.1\org.jetbrains.intellij.deps\trove4j\1.0.20200330\3afb14d5f9ceb459d724e907a21145e8ff394f02\trove4j-1.0.20200330.jar;C:\Users\spirit\.gradle\caches\modules-2\files-2.1\net.java.dev.jna\jna\5.6.0\330f2244e9030119ab3030fc3fededc86713d9cc\jna-5.6.0.jar;C:\Users\spirit\.gradle\caches\modules-2\files-2.1\org.jetbrains.kotlin\kotlin-stdlib-common\1.8.20\5eddaaf234c8c49d03eebeb6a14feb7f90faca71\kotlin-stdlib-common-1.8.20.jar;C:\Users\spirit\.gradle\caches\modules-2\files-2.1\org.jetbrains\annotations\13.0\919f0dfe192fb4e063e7dacadee7f8bb9a2672a9\annotations-13.0.jar
Launcher Type: SUN_STANDARD

[Global flags]
     intx CICompilerCount                          = 3                                         {product} {ergonomic}
     uint ConcGCThreads                            = 2                                         {product} {ergonomic}
     uint G1ConcRefinementThreads                  = 6                                         {product} {ergonomic}
   size_t G1HeapRegionSize                         = 2097152                                   {product} {ergonomic}
    uintx GCDrainStackTargetSize                   = 64                                        {product} {ergonomic}
   size_t InitialHeapSize                          = 268435456                                 {product} {ergonomic}
   size_t MarkStackSize                            = 4194304                                   {product} {ergonomic}
   size_t MaxHeapSize                              = 4280287232                                {product} {ergonomic}
   size_t MaxNewSize                               = 2566914048                                {product} {ergonomic}
   size_t MinHeapDeltaBytes                        = 2097152                                   {product} {ergonomic}
   size_t MinHeapSize                              = 8388608                                   {product} {ergonomic}
    uintx NonNMethodCodeHeapSize                   = 5832780                                {pd product} {ergonomic}
    uintx NonProfiledCodeHeapSize                  = 122912730                              {pd product} {ergonomic}
    uintx ProfiledCodeHeapSize                     = 122912730                              {pd product} {ergonomic}
    uintx ReservedCodeCacheSize                    = 251658240                              {pd product} {ergonomic}
     bool SegmentedCodeCache                       = true                                      {product} {ergonomic}
   size_t SoftMaxHeapSize                          = 4280287232                             {manageable} {ergonomic}
     bool UseCompressedClassPointers               = true                           {product lp64_product} {ergonomic}
     bool UseCompressedOops                        = true                           {product lp64_product} {ergonomic}
     bool UseG1GC                                  = true                                      {product} {ergonomic}
     bool UseLargePagesIndividualAllocation        = false                                  {pd product} {ergonomic}

Logging:
Log output configuration:
 #0: stdout all=warning uptime,level,tags
 #1: stderr all=off uptime,level,tags

Environment Variables:
PATH=C:\Program Files\Common Files\Oracle\Java\javapath;C:\Windows\system32;C:\Windows;C:\Windows\System32\Wbem;C:\Windows\System32\WindowsPowerShell\v1.0\;C:\Windows\System32\OpenSSH\;C:\Program Files\NVIDIA Corporation\NVIDIA NvDLISR;C:\WINDOWS\system32;C:\WINDOWS;C:\WINDOWS\System32\Wbem;C:\WINDOWS\System32\WindowsPowerShell\v1.0\;C:\WINDOWS\System32\OpenSSH\;C:\Program Files (x86)\NVIDIA Corporation\PhysX\Common;C:\WINDOWS\system32;C:\WINDOWS;C:\WINDOWS\System32\Wbem;C:\WINDOWS\System32\WindowsPowerShell\v1.0\;C:\WINDOWS\System32\OpenSSH\;C:\Program Files\dotnet\;C:\Program Files (x86)\dotnet\;C:\Program Files\Java\jdk-19\bin;C:\Program Files\nodejs\;C:\Program Files\Git\cmd;C:\flutter\bin;C:\Users\spirit\AppData\Local\Microsoft\WindowsApps;C:\Users\spirit\AppData\Local\Microsoft\WindowsApps;C:\Users\spirit\AppData\Local\Programs\Microsoft VS Code\bin;C:\Users\spirit\.dotnet\tools;C:\Users\spirit\AppData\Roaming\npm
USERNAME=spirit
OS=Windows_NT
PROCESSOR_IDENTIFIER=Intel64 Family 6 Model 158 Stepping 10, GenuineIntel
TMP=C:\Users\spirit\AppData\Local\Temp
TEMP=C:\Users\spirit\AppData\Local\Temp


JNI global refs:
JNI global refs: 10, weak refs: 24

JNI global refs memory usage: 843, weak refs: 841


---------------  S Y S T E M  ---------------

OS:
 Windows 11 , 64 bit Build 22000 (10.0.22000.2538)
OS uptime: 1 days 11:02 hours

CPU: total 6 (initial active 6) (6 cores per cpu, 1 threads per core) family 6 model 158 stepping 10 microcode 0xde, cx8, cmov, fxsr, mmx, 3dnowpref, sse, sse2, sse3, ssse3, sse4.1, sse4.2, popcnt, lzcnt, tsc, tscinvbit, avx, avx2, aes, erms, clmul, bmi1, bmi2, adx, fma, vzeroupper, clflush, clflushopt

Memory: 4k page, system-wide physical 16326M (2414M free)
TotalPageFile size 21294M (AvailPageFile size 4M)
current process WorkingSet (physical memory assigned to process): 324M, peak: 325M
current process commit charge ("private bytes"): 356M, peak: 364M

vm_info: OpenJDK 64-Bit Server VM (17.0.6+0-b2043.56-10027231) for windows-amd64 JRE (17.0.6+0-b2043.56-10027231), built on Apr 28 2023 00:43:19 by "androidbuild" with MS VC++ 16.10 / 16.11 (VS2019)

END.
